<?xml version="1.0" encoding="UTF-8"?>
<!-- Generated by org.testng.reporters.JUnitXMLReporter -->
<testsuite ignored="4" hostname="DESKTOP-KC3VDCV" failures="0" tests="2" name="Validate Login to altoro with valid credientials" time="14.787" errors="0" timestamp="2024-11-08T22:31:18 EET">
  <testcase classname="testcases.TC01_Home" name="ValidateSiginButtonNavigateToLoginPage" time="2.539"/>
  <testcase classname="testcases.TC02_Login" name="ValidateLoginWithValidData" time="7.392"/>
  <testcase classname="testcases.TestBase" name="@AfterSuite afterSuite" time="0.0">
    <ignored/>
  </testcase> <!-- @AfterSuite afterSuite -->
  <testcase classname="testcases.TestBase" name="@BeforeTest setupDriver" time="0.0">
    <ignored/>
  </testcase> <!-- @BeforeTest setupDriver -->
  <testcase classname="testcases.TestBase" name="@AfterTest teardown" time="0.0">
    <ignored/>
  </testcase> <!-- @AfterTest teardown -->
  <testcase classname="testcases.TestBase" name="@BeforeSuite beforeSuite" time="0.0">
    <ignored/>
  </testcase> <!-- @BeforeSuite beforeSuite -->
</testsuite> <!-- Validate Login to altoro with valid credientials -->
